person(Thomas)
researcher(Thomas)
heads-group(Thomas, YQT)
works-with(Thomas, Jurgen)
works-with(Thomas, Harry)
works-with(Thomas, Monika)
works-with(Thomas, Ulrike)
works-with(Thomas, Eva)
project(Thomas, EULISP)
group(Thomas, YQT)

person(Marc)
researcher(Marc)
hacker(Marc)
works-with(Marc, Werner)
works-with(Marc, Angi)
project(Marc, KRIPTON)
group(Marc, YQT)

person(Uwe)
researcher(Uwe)
smoker(Uwe)
hacker(Uwe)
project(Uwe, Autonomous Systems)
group(Uwe, YQT)

person(Harry)
researcher(Harry)
hacker(Harry)
works-with(Harry, Jurgen)
works-with(Harry, Thomas)
project(Harry, EULISP)
group(Harry, YQT)

person(Jurgen)
researcher(Jurgen)
hacker(Jurgen)
works-with(Jurgen, Harry)
works-with(Jurgen, Thomas)
project(Jurgen, EULISP)
group(Jurgen, YQT)

person(Monika)
secretary(Monika)
works-with(Monika, Eva)
works-with(Monika, Thomas)
works-with(Monika, Ulrike)
group(Monika, YQT)

person(Werner)
researcher(Werner)
hacker(Werner)
works-with(Werner, Angi)
works-with(Werner, Marc)
project(Werner, RESPECT)
group(Werner, YQT)

person(Angi)
researcher(Angi)
works-with(Angi, Werner)
works-with(Angi, Marc)
project(Angi, RESPECT)
group(Angi, YQT)

person(Eva)
manager(Eva)
works-with(Eva, Monika)
works-with(Eva, Ulrike)
works-with(Eva, Thomas)
group(Eva, YQT)

person(Katharina)
researcher(Katharina)
smoker(Katharina)
hacker(Katharina)
heads-project(Katharina, MLT)
project(Katharina, MLT)
project(Katharina, BLT)
group(Katharina, YQT)

person(Michael)
researcher(Michael)
hacker(Michael)
works-with(Michael, Hans)
project(Michael, BABYLON Product)
group(Michael, YQT)

person(Joachim)
researcher(Joachim)
heads-project(Joachim, ASERTI)
project(Joachim, ASERTI)
group(Joachim, YQT)

person(Ulrike)
secretary(Ulrike)
works-with(Ulrike, Monika)
works-with(Ulrike, Eva)
works-with(Ulrike, Thomas)
group(Ulrike, YQT)

person(Hans)
researcher(Hans)
smoker(Hans)
heads-project(Hans, BABYLON Product)
works-with(Hans, Michael)
project(Hans, BABYLON Product)
group(Hans, YQT)

person(Andy)
researcher(Andy)
smoker(Andy)
project(Andy, TUTOR2000)
group(Andy, YQT)

large-project(Babylon Product)
large-project(ASERTI)
large-project(MLT)

project(BABYLON Product)
project(ASERTI)
project(MLT)

small-room(AHAHA)
small-room(C5113)
small-room(C5114)
small-room(C5115)
small-room(19191)
small-room(C5116)
small-room(AHAHAHAH)
medium-room(C5123)
medium-room(C5121)
medium-room(C5122)
large-room(C5117)
large-room(C5119)
large-room(C5120)

close(C5123, C5122)
close(C5113, C5114)
close(C5113, C5115)
close(C5114, C5113)
close(C5114, C5115)
close(C5114, C5116)
close(C5115, C5113)
close(C5115, C5114)
close(C5115, C5116)
close(C5115, C5117)
close(C5116, C5114)
close(C5116, C5115)
close(C5116, C5117)
close(C5117, C5115)
close(C5117, C5116)
close(C5117, C5119)
close(C5119, C5117)
close(C5119, C5120)
close(C5119, C5121)
close(C5119, C5122)
close(C5120, C5119)
close(C5120, C5121)
close(C5121, C5119)
close(C5121, C5120)
close(C5121, C5122)
close(C5122, C5119)
close(C5122, C5121)
close(C5122, C5123)

group(YQT)

assign-to(Harry, C5114)
assign-to(Jurgen, C5114)
